<?xml version="1.0" encoding="UTF-8"?>
<!-- Generated by org.testng.reporters.JUnitReportReporter -->
<testsuite skipped="0" hostname="ip-172-31-90-86" name="restAPI.GetRequest_Post" tests="1" failures="0" timestamp="02 Dec 2021 03:59:42 GMT" time="1.167" errors="0">
  <testcase name="PostCall" time="1.167" classname="restAPI.GetRequest_Post"/>
</testsuite> <!-- restAPI.GetRequest_Post -->
