<?xml version="1.0" encoding="UTF-8"?>
<!-- Generated by org.testng.reporters.JUnitReportReporter -->
<testsuite skipped="0" hostname="ip-172-31-90-86" name="restAPI.GetRequestWith_Map" tests="1" failures="0" timestamp="02 Dec 2021 04:25:26 GMT" time="1.355" errors="0">
  <testcase name="PostCall" time="1.355" classname="restAPI.GetRequestWith_Map"/>
</testsuite> <!-- restAPI.GetRequestWith_Map -->
