<?xml version="1.0" encoding="UTF-8"?>
<!-- Generated by org.testng.reporters.JUnitReportReporter -->
<testsuite skipped="0" hostname="ip-172-31-90-86" name="restAPI.PostRequestWith_json" tests="1" failures="0" timestamp="02 Dec 2021 04:39:38 GMT" time="1.896" errors="0">
  <testcase name="PostCall" time="1.896" classname="restAPI.PostRequestWith_json"/>
</testsuite> <!-- restAPI.PostRequestWith_json -->
