<?xml version="1.0" encoding="UTF-8"?>
<!-- Generated by org.testng.reporters.JUnitReportReporter -->
<testsuite skipped="0" hostname="ip-172-31-90-86" name="restAPI.DeleteRequest" tests="1" failures="0" timestamp="02 Dec 2021 05:23:20 GMT" time="1.097" errors="0">
  <testcase name="PutCall" time="1.097" classname="restAPI.DeleteRequest"/>
</testsuite> <!-- restAPI.DeleteRequest -->
