<?xml version="1.0" encoding="UTF-8"?>
<!-- Generated by org.testng.reporters.JUnitReportReporter -->
<testsuite skipped="0" hostname="ip-172-31-90-86" name="restAPI.PutRequest" tests="1" failures="0" timestamp="02 Dec 2021 06:45:16 GMT" time="1.282" errors="0">
  <testcase name="PutCall" time="1.282" classname="restAPI.PutRequest"/>
</testsuite> <!-- restAPI.PutRequest -->
