<?xml version="1.0" encoding="UTF-8"?>
<!-- Generated by org.testng.reporters.JUnitReportReporter -->
<testsuite skipped="0" hostname="ip-172-31-90-86" name="RestApiChaining.End_To_End" tests="1" failures="0" timestamp="02 Dec 2021 07:03:48 GMT" time="1.824" errors="0">
  <testcase name="Test1" time="1.824" classname="RestApiChaining.End_To_End"/>
</testsuite> <!-- RestApiChaining.End_To_End -->
